2025-07-25 02:50:44,750 - INFO - Starting industry analysis framework...
2025-07-25 02:50:44,750 - INFO - Step 1: Collecting data from multiple sources...
2025-07-25 02:50:44,750 - INFO - Scraping Companies Registry data...
2025-07-25 02:50:44,750 - INFO - Scraping HKTDC directory...
2025-07-25 02:50:44,750 - INFO - Scraping IP Department database...
2025-07-25 02:50:44,750 - INFO - Step 2: Processing and classifying companies...
2025-07-25 02:50:56,273 - INFO - Starting industry analysis framework...
2025-07-25 02:50:56,274 - INFO - Step 1: Collecting data from multiple sources...
2025-07-25 02:50:56,274 - INFO - Scraping Companies Registry data...
2025-07-25 02:50:56,274 - INFO - Scraping HKTDC directory...
2025-07-25 02:50:56,274 - INFO - Scraping IP Department database...
2025-07-25 02:50:56,274 - INFO - Step 2: Processing and classifying companies...
2025-07-25 02:50:57,664 - INFO - Step 3: Conducting market gap analysis...
2025-07-25 02:50:57,664 - INFO - Step 4: Generating visualizations...
2025-07-25 02:50:58,343 - INFO - Charts saved to charts/
2025-07-25 02:50:58,343 - INFO - Step 5: Saving results to database...
2025-07-25 02:50:58,384 - INFO - Saved 5 companies to database
2025-07-25 02:50:58,384 - INFO - Industry analysis completed successfully!
2025-07-25 02:50:58,384 - INFO - Results exported to industry_analysis_results_20250725_025058.json
2025-07-25 02:50:58,442 - INFO - Results exported to industry_analysis_results_20250725_025058.xlsx
2025-07-25 02:51:16,359 - INFO - Starting industry analysis framework...
2025-07-25 02:51:16,359 - INFO - Step 1: Collecting data from multiple sources...
2025-07-25 02:51:16,359 - INFO - Scraping Companies Registry data...
2025-07-25 02:51:16,359 - INFO - Scraping HKTDC directory...
2025-07-25 02:51:16,359 - INFO - Scraping IP Department database...
2025-07-25 02:51:16,359 - INFO - Step 2: Processing and classifying companies...
2025-07-25 02:51:17,566 - INFO - Step 3: Conducting market gap analysis...
2025-07-25 02:51:17,567 - INFO - Step 4: Generating visualizations...
2025-07-25 02:51:18,160 - INFO - Charts saved to charts/
2025-07-25 02:51:18,160 - INFO - Step 5: Saving results to database...
2025-07-25 02:51:18,171 - INFO - Saved 5 companies to database
2025-07-25 02:51:18,171 - INFO - Industry analysis completed successfully!
2025-07-25 02:51:18,172 - INFO - Results exported to industry_analysis_results_20250725_025118.json
2025-07-25 02:51:18,221 - INFO - Results exported to industry_analysis_results_20250725_025118.xlsx
2025-07-25 02:51:18,262 - INFO - Generating PowerPoint presentation...
2025-07-25 02:51:18,289 - INFO - PowerPoint presentation saved as: HK_Industry_Analysis_20250725_025118.pptx
2025-07-25 02:54:49,184 - INFO - Starting industry analysis framework...
2025-07-25 02:54:49,184 - INFO - Step 1: Collecting data from multiple sources...
2025-07-25 02:54:49,184 - INFO - Scraping Companies Registry data...
2025-07-25 02:54:49,184 - INFO - Scraping HKTDC directory...
2025-07-25 02:54:49,184 - INFO - Scraping IP Department database...
2025-07-25 02:54:49,184 - INFO - Step 2: Processing and classifying companies...
2025-07-25 02:54:50,583 - INFO - Step 3: Conducting market gap analysis...
2025-07-25 02:54:50,583 - INFO - Step 4: Generating visualizations...
2025-07-25 02:54:51,239 - INFO - Charts saved to charts/
2025-07-25 02:54:51,239 - INFO - Step 5: Saving results to database...
2025-07-25 02:54:51,246 - INFO - Saved 5 companies to database
2025-07-25 02:54:51,247 - INFO - Industry analysis completed successfully!
2025-07-25 02:54:51,247 - INFO - Results exported to industry_analysis_results_20250725_025451.json
2025-07-25 02:54:51,311 - INFO - Results exported to industry_analysis_results_20250725_025451.xlsx
2025-07-25 02:54:51,356 - INFO - Generating PowerPoint presentation...
2025-07-25 02:54:51,382 - INFO - PowerPoint presentation saved as: HK_Industry_Analysis_20250725_025451.pptx
